c:\users\evu39\desktop\project1\project1\x64\debug\vc143.pdb
c:\users\evu39\desktop\project1\project1\x64\debug\vc143.idb
c:\users\evu39\desktop\project1\project1\x64\debug\reservations.obj
c:\users\evu39\desktop\project1\project1\x64\debug\memberlist.obj
c:\users\evu39\desktop\project1\project1\x64\debug\member.obj
c:\users\evu39\desktop\project1\project1\x64\debug\main.obj
c:\users\evu39\desktop\project1\project1\x64\debug\interface.obj
c:\users\evu39\desktop\project1\project1\x64\debug\hikelist.obj
c:\users\evu39\desktop\project1\project1\x64\debug\hike.obj
c:\users\evu39\desktop\project1\project1\x64\debug\bigthree.obj
c:\users\evu39\desktop\project1\x64\debug\project1.exe
c:\users\evu39\desktop\project1\project1\x64\debug\project1.ilk
c:\users\evu39\desktop\project1\x64\debug\project1.pdb
c:\users\evu39\desktop\project1\project1\x64\debug\project1.tlog\cl.command.1.tlog
c:\users\evu39\desktop\project1\project1\x64\debug\project1.tlog\cl.items.tlog
c:\users\evu39\desktop\project1\project1\x64\debug\project1.tlog\cl.read.1.tlog
c:\users\evu39\desktop\project1\project1\x64\debug\project1.tlog\cl.write.1.tlog
c:\users\evu39\desktop\project1\project1\x64\debug\project1.tlog\link.command.1.tlog
c:\users\evu39\desktop\project1\project1\x64\debug\project1.tlog\link.read.1.tlog
c:\users\evu39\desktop\project1\project1\x64\debug\project1.tlog\link.write.1.tlog
